[backend-gate-pytest-ready] pytest 9.0.2
[frontend-gate-node-ready] v22.19.0
[python-builder-routes::tests/api_routes/test_browser_workflow_builder_api_routes.py::test_observation_pack_success] [child-note] started tests/api_routes/test_browser_workflow_builder_api_routes.py::test_observation_pack_success
[python-builder-routes::tests/api_routes/test_browser_workflow_builder_api_routes.py::test_observation_pack_success] .                                                                        [100%]
[python-builder-routes::tests/api_routes/test_browser_workflow_builder_api_routes.py::test_observation_pack_success] 1 passed in 0.65s
[python-builder-routes::tests/api_routes/test_browser_workflow_builder_api_routes.py::test_observation_pack_success] [child-note] finished passed
[python-builder-routes::tests/api_routes/test_browser_workflow_builder_api_routes.py::test_validate_candidate_success] [child-note] started tests/api_routes/test_browser_workflow_builder_api_routes.py::test_validate_candidate_success
[python-builder-routes::tests/api_routes/test_browser_workflow_builder_api_routes.py::test_validate_candidate_success] .                                                                        [100%]
[python-builder-routes::tests/api_routes/test_browser_workflow_builder_api_routes.py::test_validate_candidate_success] 1 passed in 0.62s
[python-builder-routes::tests/api_routes/test_browser_workflow_builder_api_routes.py::test_validate_candidate_success] [child-note] finished passed
[python-builder-routes::tests/api_routes/test_browser_workflow_builder_api_routes.py::test_annotate_candidate_success] [child-note] started tests/api_routes/test_browser_workflow_builder_api_routes.py::test_annotate_candidate_success
[python-builder-routes::tests/api_routes/test_browser_workflow_builder_api_routes.py::test_annotate_candidate_success] .                                                                        [100%]
[python-builder-routes::tests/api_routes/test_browser_workflow_builder_api_routes.py::test_annotate_candidate_success] 1 passed in 0.62s
[python-builder-routes::tests/api_routes/test_browser_workflow_builder_api_routes.py::test_annotate_candidate_success] [child-note] finished passed
[python-builder-routes::tests/api_routes/test_browser_workflow_builder_api_routes.py::test_synthesize_from_feedback_success] [child-note] started tests/api_routes/test_browser_workflow_builder_api_routes.py::test_synthesize_from_feedback_success
[python-builder-routes::tests/api_routes/test_browser_workflow_builder_api_routes.py::test_synthesize_from_feedback_success] .                                                                        [100%]
[python-builder-routes::tests/api_routes/test_browser_workflow_builder_api_routes.py::test_synthesize_from_feedback_success] 1 passed in 0.63s
[python-builder-routes::tests/api_routes/test_browser_workflow_builder_api_routes.py::test_synthesize_from_feedback_success] [child-note] finished passed
[python-builder-routes::tests/api_routes/test_browser_workflow_builder_api_routes.py::test_builder_routes_raise_500_on_internal_error] [child-note] started tests/api_routes/test_browser_workflow_builder_api_routes.py::test_builder_routes_raise_500_on_internal_error
[python-builder-routes::tests/api_routes/test_browser_workflow_builder_api_routes.py::test_builder_routes_raise_500_on_internal_error] ....                                                                     [100%]
[python-builder-routes::tests/api_routes/test_browser_workflow_builder_api_routes.py::test_builder_routes_raise_500_on_internal_error] 4 passed in 0.62s
[python-builder-routes::tests/api_routes/test_browser_workflow_builder_api_routes.py::test_builder_routes_raise_500_on_internal_error] [child-note] finished passed
[live-gate-backend-api-ready::tests/launcher/test_live_readiness_gates.py::test_gate_backend_api_ready] [child-note] started tests/launcher/test_live_readiness_gates.py::test_gate_backend_api_ready
[live-gate-backend-api-ready::tests/launcher/test_live_readiness_gates.py::test_gate_backend_api_ready] .                                                                        [100%]
[live-gate-backend-api-ready::tests/launcher/test_live_readiness_gates.py::test_gate_backend_api_ready] 1 passed in 0.05s
[live-gate-backend-api-ready::tests/launcher/test_live_readiness_gates.py::test_gate_backend_api_ready] [child-note] finished passed
[live-gate-backend-api-ready::tests/launcher/test_live_readiness_gates.py::test_gate_bridge_ready] [child-note] started tests/launcher/test_live_readiness_gates.py::test_gate_bridge_ready
[live-gate-backend-api-ready::tests/launcher/test_live_readiness_gates.py::test_gate_bridge_ready] .                                                                        [100%]
[live-gate-backend-api-ready::tests/launcher/test_live_readiness_gates.py::test_gate_bridge_ready] 1 passed in 0.08s
[live-gate-backend-api-ready::tests/launcher/test_live_readiness_gates.py::test_gate_bridge_ready] [child-note] finished passed
[live-gate-bridge-ready::tests/launcher/test_live_readiness_gates.py::test_gate_bridge_ready] [child-note] started tests/launcher/test_live_readiness_gates.py::test_gate_bridge_ready
[live-gate-bridge-ready::tests/launcher/test_live_readiness_gates.py::test_gate_bridge_ready] .                                                                        [100%]
[live-gate-bridge-ready::tests/launcher/test_live_readiness_gates.py::test_gate_bridge_ready] 1 passed in 0.08s
[live-gate-bridge-ready::tests/launcher/test_live_readiness_gates.py::test_gate_bridge_ready] [child-note] finished passed
[live-gate-bridge-ready::tests/launcher/test_live_readiness_gates.py::test_gate_backend_api_ready] [child-note] started tests/launcher/test_live_readiness_gates.py::test_gate_backend_api_ready
[live-gate-bridge-ready::tests/launcher/test_live_readiness_gates.py::test_gate_backend_api_ready] .                                                                        [100%]
[live-gate-bridge-ready::tests/launcher/test_live_readiness_gates.py::test_gate_backend_api_ready] 1 passed in 0.07s
[live-gate-bridge-ready::tests/launcher/test_live_readiness_gates.py::test_gate_backend_api_ready] [child-note] finished passed
[python-api-routes-browser::tests/api_routes/browser/test_browser_nav_api_routes.py::test_browser_navigate_passes_timeout_to_backend] [child-note] started tests/api_routes/browser/test_browser_nav_api_routes.py::test_browser_navigate_passes_timeout_to_backend
[python-api-routes-browser::tests/api_routes/browser/test_browser_nav_api_routes.py::test_browser_navigate_passes_timeout_to_backend] .                                                                        [100%]
[python-api-routes-browser::tests/api_routes/browser/test_browser_nav_api_routes.py::test_browser_navigate_passes_timeout_to_backend] 1 passed in 0.23s
[python-api-routes-browser::tests/api_routes/browser/test_browser_nav_api_routes.py::test_browser_navigate_passes_timeout_to_backend] [child-note] finished passed
[python-api-routes-browser::tests/api_routes/browser/test_browser_nav_api_routes.py::test_browser_navigate_creates_tracked_task] [child-note] started tests/api_routes/browser/test_browser_nav_api_routes.py::test_browser_navigate_creates_tracked_task
[python-api-routes-browser::tests/api_routes/browser/test_browser_nav_api_routes.py::test_browser_navigate_creates_tracked_task] .                                                                        [100%]
[python-api-routes-browser::tests/api_routes/browser/test_browser_nav_api_routes.py::test_browser_navigate_creates_tracked_task] 1 passed in 0.24s
[python-api-routes-browser::tests/api_routes/browser/test_browser_nav_api_routes.py::test_browser_navigate_creates_tracked_task] [child-note] finished passed
[python-api-routes-browser::tests/api_routes/browser/test_browser_workflow_async_api_routes.py::test_search_and_extract_short_task_runs_sync] [child-note] started tests/api_routes/browser/test_browser_workflow_async_api_routes.py::test_search_and_extract_short_task_runs_sync
[python-api-routes-browser::tests/api_routes/browser/test_browser_workflow_async_api_routes.py::test_search_and_extract_short_task_runs_sync] .                                                                        [100%]
[python-api-routes-browser::tests/api_routes/browser/test_browser_workflow_async_api_routes.py::test_search_and_extract_short_task_runs_sync] 1 passed in 0.64s
[python-api-routes-browser::tests/api_routes/browser/test_browser_workflow_async_api_routes.py::test_search_and_extract_short_task_runs_sync] [child-note] finished passed
[python-api-routes-browser::tests/api_routes/browser/test_browser_workflow_async_api_routes.py::test_search_and_extract_long_task_runs_async_with_status] [child-note] started tests/api_routes/browser/test_browser_workflow_async_api_routes.py::test_search_and_extract_long_task_runs_async_with_status
