[backend-gate-pytest-ready] Python 3.13.7
[frontend-gate-node-ready] v22.19.0
[python-builder-routes::tests/api_routes/test_browser_workflow_builder_api_routes.py::test_observation_pack_success] [child-note] started tests/api_routes/test_browser_workflow_builder_api_routes.py::test_observation_pack_success
[python-builder-routes::tests/api_routes/test_browser_workflow_builder_api_routes.py::test_observation_pack_success] [worker-watchdog] no output for 90s; terminating process
[python-builder-routes::tests/api_routes/test_browser_workflow_builder_api_routes.py::test_observation_pack_success] [child-note] finished timed_out
[live-gate-backend-api-ready::tests/launcher/test_live_readiness_gates.py::test_gate_backend_api_ready] [child-note] started tests/launcher/test_live_readiness_gates.py::test_gate_backend_api_ready
[live-gate-backend-api-ready::tests/launcher/test_live_readiness_gates.py::test_gate_backend_api_ready] [child-note] finished timed_out
[live-gate-bridge-ready::tests/launcher/test_live_readiness_gates.py::test_gate_bridge_ready] [child-note] started tests/launcher/test_live_readiness_gates.py::test_gate_bridge_ready
[live-gate-bridge-ready::tests/launcher/test_live_readiness_gates.py::test_gate_bridge_ready] [worker-watchdog] no output for 90s; terminating process
[live-gate-bridge-ready::tests/launcher/test_live_readiness_gates.py::test_gate_bridge_ready] [child-note] finished timed_out
[python-api-routes-browser::tests/api_routes/browser/test_browser_nav_api_routes.py::test_browser_navigate_passes_timeout_to_backend] [child-note] started tests/api_routes/browser/test_browser_nav_api_routes.py::test_browser_navigate_passes_timeout_to_backend
[python-api-routes-browser::tests/api_routes/browser/test_browser_nav_api_routes.py::test_browser_navigate_passes_timeout_to_backend] [worker-watchdog] no output for 90s; terminating process
[python-api-routes-browser::tests/api_routes/browser/test_browser_nav_api_routes.py::test_browser_navigate_passes_timeout_to_backend] [child-note] finished timed_out
[python-browser-core::tests/browser/test_browser_backend_factory.py::test_factory_selects_camoufox_backend] [child-note] started tests/browser/test_browser_backend_factory.py::test_factory_selects_camoufox_backend
[python-browser-core::tests/browser/test_browser_backend_factory.py::test_factory_selects_camoufox_backend] [worker-watchdog] no output for 90s; terminating process
[python-browser-core::tests/browser/test_browser_backend_factory.py::test_factory_selects_camoufox_backend] [child-note] finished timed_out
[python-launcher-core::tests/launcher/test_launcher_catalog.py::test_rejects_disallowed_binary] [child-note] started tests/launcher/test_launcher_catalog.py::test_rejects_disallowed_binary
[python-launcher-core::tests/launcher/test_launcher_catalog.py::test_rejects_disallowed_binary] [worker-watchdog] no output for 90s; terminating process
[python-launcher-core::tests/launcher/test_launcher_catalog.py::test_rejects_disallowed_binary] [child-note] finished timed_out
[python-platform-core::tests/platform/test_service_boundaries.py::test_service_boundaries] [child-note] started tests/platform/test_service_boundaries.py::test_service_boundaries
