[backend-gate-pytest-ready] Python 3.13.7
[python-api-routes-browser::tests/api_routes/browser/test_browser_nav_api_routes.py::test_browser_navigate_passes_timeout_to_backend] [child-note] started tests/api_routes/browser/test_browser_nav_api_routes.py::test_browser_navigate_passes_timeout_to_backend
[python-api-routes-browser::tests/api_routes/browser/test_browser_nav_api_routes.py::test_browser_navigate_passes_timeout_to_backend] .                                                                        [100%]
[python-api-routes-browser::tests/api_routes/browser/test_browser_nav_api_routes.py::test_browser_navigate_passes_timeout_to_backend] 1 passed in 0.23s
[python-api-routes-browser::tests/api_routes/browser/test_browser_nav_api_routes.py::test_browser_navigate_passes_timeout_to_backend] [child-note] finished passed
[python-api-routes-browser::tests/api_routes/browser/test_browser_nav_api_routes.py::test_browser_navigate_creates_tracked_task] [child-note] started tests/api_routes/browser/test_browser_nav_api_routes.py::test_browser_navigate_creates_tracked_task
[python-api-routes-browser::tests/api_routes/browser/test_browser_nav_api_routes.py::test_browser_navigate_creates_tracked_task] .                                                                        [100%]
[python-api-routes-browser::tests/api_routes/browser/test_browser_nav_api_routes.py::test_browser_navigate_creates_tracked_task] 1 passed in 0.23s
[python-api-routes-browser::tests/api_routes/browser/test_browser_nav_api_routes.py::test_browser_navigate_creates_tracked_task] [child-note] finished passed
[python-api-routes-browser::tests/api_routes/browser/test_browser_workflow_async_api_routes.py::test_search_and_extract_short_task_runs_sync] [child-note] started tests/api_routes/browser/test_browser_workflow_async_api_routes.py::test_search_and_extract_short_task_runs_sync
[python-api-routes-browser::tests/api_routes/browser/test_browser_workflow_async_api_routes.py::test_search_and_extract_short_task_runs_sync] .                                                                        [100%]
[python-api-routes-browser::tests/api_routes/browser/test_browser_workflow_async_api_routes.py::test_search_and_extract_short_task_runs_sync] 1 passed in 0.64s
[python-api-routes-browser::tests/api_routes/browser/test_browser_workflow_async_api_routes.py::test_search_and_extract_short_task_runs_sync] [child-note] finished passed
[python-api-routes-browser::tests/api_routes/browser/test_browser_workflow_async_api_routes.py::test_search_and_extract_long_task_runs_async_with_status] [child-note] started tests/api_routes/browser/test_browser_workflow_async_api_routes.py::test_search_and_extract_long_task_runs_async_with_status
[python-api-routes-browser::tests/api_routes/browser/test_browser_workflow_async_api_routes.py::test_search_and_extract_long_task_runs_async_with_status] .                                                                        [100%]
[python-api-routes-browser::tests/api_routes/browser/test_browser_workflow_async_api_routes.py::test_search_and_extract_long_task_runs_async_with_status] 1 passed in 1.87s
[python-api-routes-browser::tests/api_routes/browser/test_browser_workflow_async_api_routes.py::test_search_and_extract_long_task_runs_async_with_status] [child-note] finished passed
[python-api-routes-browser::tests/api_routes/browser/test_browser_workflow_async_api_routes.py::test_search_and_extract_sync_timeout_returns_structured_error] [child-note] started tests/api_routes/browser/test_browser_workflow_async_api_routes.py::test_search_and_extract_sync_timeout_returns_structured_error
[python-api-routes-browser::tests/api_routes/browser/test_browser_workflow_async_api_routes.py::test_search_and_extract_sync_timeout_returns_structured_error] .                                                                        [100%]
[python-api-routes-browser::tests/api_routes/browser/test_browser_workflow_async_api_routes.py::test_search_and_extract_sync_timeout_returns_structured_error] 1 passed in 0.63s
[python-api-routes-browser::tests/api_routes/browser/test_browser_workflow_async_api_routes.py::test_search_and_extract_sync_timeout_returns_structured_error] [child-note] finished passed
[python-api-routes-browser::tests/api_routes/browser/test_browser_workflow_async_api_routes.py::test_status_unknown_task_raises_404] [child-note] started tests/api_routes/browser/test_browser_workflow_async_api_routes.py::test_status_unknown_task_raises_404
[python-api-routes-browser::tests/api_routes/browser/test_browser_workflow_async_api_routes.py::test_status_unknown_task_raises_404] .                                                                        [100%]
[python-api-routes-browser::tests/api_routes/browser/test_browser_workflow_async_api_routes.py::test_status_unknown_task_raises_404] 1 passed in 0.61s
[python-api-routes-browser::tests/api_routes/browser/test_browser_workflow_async_api_routes.py::test_status_unknown_task_raises_404] [child-note] finished passed
[python-api-routes-browser::tests/api_routes/browser/test_browser_workflow_async_api_routes.py::test_tasks_list_endpoint_returns_rows] [child-note] started tests/api_routes/browser/test_browser_workflow_async_api_routes.py::test_tasks_list_endpoint_returns_rows
[python-api-routes-browser::tests/api_routes/browser/test_browser_workflow_async_api_routes.py::test_tasks_list_endpoint_returns_rows] .                                                                        [100%]
[python-api-routes-browser::tests/api_routes/browser/test_browser_workflow_async_api_routes.py::test_tasks_list_endpoint_returns_rows] 1 passed in 0.62s
[python-api-routes-browser::tests/api_routes/browser/test_browser_workflow_async_api_routes.py::test_tasks_list_endpoint_returns_rows] [child-note] finished passed
